\BOOKMARK [1][-]{section*.12}{Study\040Summary}{}% 1
\BOOKMARK [1][-]{section.1}{Introduction}{}% 2
\BOOKMARK [2][-]{subsection.1.1}{Background}{section.1}% 3
\BOOKMARK [1][-]{section.2}{Study\040objectives}{}% 4
\BOOKMARK [1][-]{section.3}{Study\040design}{}% 5
\BOOKMARK [2][-]{subsection.3.1}{Study\040outcome\040measures}{section.3}% 6
\BOOKMARK [1][-]{section.4}{Participant\040entry}{}% 7
\BOOKMARK [2][-]{subsection.4.1}{Pre-registration\040evaluations}{section.4}% 8
\BOOKMARK [2][-]{subsection.4.2}{Sampling}{section.4}% 9
\BOOKMARK [2][-]{subsection.4.3}{Inclusion\040criteria}{section.4}% 10
\BOOKMARK [2][-]{subsection.4.4}{Exclusion\040criteria}{section.4}% 11
\BOOKMARK [2][-]{subsection.4.5}{Withdrawal\040criteria}{section.4}% 12
\BOOKMARK [1][-]{section.5}{Adverse\040events}{}% 13
\BOOKMARK [2][-]{subsection.5.1}{Definitions}{section.5}% 14
\BOOKMARK [2][-]{subsection.5.2}{Reporting\040Procedures}{section.5}% 15
\BOOKMARK [3][-]{subsubsection.5.2.1}{Non\040serious\040AEs}{subsection.5.2}% 16
\BOOKMARK [1][-]{section.6}{Assessment\040and\040follow\040up}{}% 17
\BOOKMARK [1][-]{section.7}{Statistics\040and\040data\040analysis}{}% 18
\BOOKMARK [1][-]{section.8}{Regulatory\040issues}{}% 19
\BOOKMARK [2][-]{subsection.8.1}{Ethics\040approval}{section.8}% 20
\BOOKMARK [2][-]{subsection.8.2}{Consent}{section.8}% 21
\BOOKMARK [2][-]{subsection.8.3}{Confidentiality}{section.8}% 22
\BOOKMARK [2][-]{subsection.8.4}{Indemnity}{section.8}% 23
\BOOKMARK [2][-]{subsection.8.5}{Sponsor}{section.8}% 24
\BOOKMARK [2][-]{subsection.8.6}{Funding}{section.8}% 25
\BOOKMARK [2][-]{subsection.8.7}{Audits\040and\040inspections}{section.8}% 26
\BOOKMARK [1][-]{section.9}{Study\040management}{}% 27
\BOOKMARK [1][-]{section.10}{Publication\040policy}{}% 28
\BOOKMARK [1][-]{section*.24}{Appendices}{}% 29
\BOOKMARK [1][-]{Appendix.a.A}{Appendix\040Research\040outputs}{}% 30
\BOOKMARK [1][-]{Appendix.a.B}{Appendix\040Supplementary\040figures\040and\040tables}{}% 31
\BOOKMARK [1][-]{Appendix.a.C}{Appendix\040Study\040flow\040chart\040and\040Gannt\040chart}{}% 32
\BOOKMARK [1][-]{Appendix.a.D}{Appendix\040Study\040Information\040Sheet\040for\040Health\040Care\040Professionals}{}% 33
\BOOKMARK [1][-]{Appendix.a.E}{Appendix\040Participant\040Information\040Sheet}{}% 34
\BOOKMARK [1][-]{Appendix.a.F}{Appendix\040Participant\040consent\040form}{}% 35
\BOOKMARK [1][-]{Appendix.a.G}{Appendix\040Hospital\040specialist\040cover\040letter\040\(case\040recruitment\)}{}% 36
\BOOKMARK [1][-]{Appendix.a.H}{Appendix\040Hospital\040specialist\040cover\040letter\040\(control\040recruitment\)}{}% 37
\BOOKMARK [1][-]{Appendix.a.I}{Appendix\040Participant\040cover\040letter}{}% 38
\BOOKMARK [1][-]{Appendix.a.J}{Appendix\040GP\040cover\040letter}{}% 39
\BOOKMARK [1][-]{Appendix.a.K}{Appendix\040Study\040standard\040operating\040procedure}{}% 40
